<?xml version="1.0" encoding="UTF-8"?>
<testsuites>
	<testsuite errors="0" skipped="0" tests="26" time="0.3" timestamp="2026-02-19T23:08:20">
		<testcase classname="/home/marek/Projects/infection-tester-adapter/tests/e2e/Tester/tests/TestCase/Covered/CalculatorTest.php method=testAddition" name="/home/marek/Projects/infection-tester-adapter/tests/e2e/Tester/tests/TestCase/Covered/CalculatorTest.php method=testAddition"/>
		<testcase classname="/home/marek/Projects/infection-tester-adapter/tests/e2e/Tester/tests/TestCase/Covered/CalculatorTest.php method=testDivision" name="/home/marek/Projects/infection-tester-adapter/tests/e2e/Tester/tests/TestCase/Covered/CalculatorTest.php method=testDivision"/>
		<testcase classname="/home/marek/Projects/infection-tester-adapter/tests/e2e/Tester/tests/TestCase/Covered/CalculatorTest.php method=testSubtraction" name="/home/marek/Projects/infection-tester-adapter/tests/e2e/Tester/tests/TestCase/Covered/CalculatorTest.php method=testSubtraction"/>
		<testcase classname="/home/marek/Projects/infection-tester-adapter/tests/e2e/Tester/tests/TestCase/Covered/CalculatorTest.php method=testAbsolute" name="/home/marek/Projects/infection-tester-adapter/tests/e2e/Tester/tests/TestCase/Covered/CalculatorTest.php method=testAbsolute"/>
		<testcase classname="/home/marek/Projects/infection-tester-adapter/tests/e2e/Tester/tests/TestCase/Covered/FormatNameFunctionTest.php method=testFormatFullName" name="/home/marek/Projects/infection-tester-adapter/tests/e2e/Tester/tests/TestCase/Covered/FormatNameFunctionTest.php method=testFormatFullName"/>
		<testcase classname="/home/marek/Projects/infection-tester-adapter/tests/e2e/Tester/tests/TestCase/Covered/CalculatorTest.php method=testMultiplication" name="/home/marek/Projects/infection-tester-adapter/tests/e2e/Tester/tests/TestCase/Covered/CalculatorTest.php method=testMultiplication"/>
		<testcase classname="/home/marek/Projects/infection-tester-adapter/tests/e2e/Tester/tests/TestCase/Covered/CalculatorTest.php method=testDivisionByZero" name="/home/marek/Projects/infection-tester-adapter/tests/e2e/Tester/tests/TestCase/Covered/CalculatorTest.php method=testDivisionByZero"/>
		<testcase classname="/home/marek/Projects/infection-tester-adapter/tests/e2e/Tester/tests/TestCase/Covered/CalculatorTest.php method=testIsPositive" name="/home/marek/Projects/infection-tester-adapter/tests/e2e/Tester/tests/TestCase/Covered/CalculatorTest.php method=testIsPositive"/>
		<testcase classname="/home/marek/Projects/infection-tester-adapter/tests/e2e/Tester/tests/TestCase/Covered/FormatNameFunctionTest.php method=testFormatFirstNameOnly" name="/home/marek/Projects/infection-tester-adapter/tests/e2e/Tester/tests/TestCase/Covered/FormatNameFunctionTest.php method=testFormatFirstNameOnly"/>
		<testcase classname="/home/marek/Projects/infection-tester-adapter/tests/e2e/Tester/tests/TestCase/Covered/FormatNameFunctionTest.php method=testFormatEmptyNames" name="/home/marek/Projects/infection-tester-adapter/tests/e2e/Tester/tests/TestCase/Covered/FormatNameFunctionTest.php method=testFormatEmptyNames"/>
		<testcase classname="/home/marek/Projects/infection-tester-adapter/tests/e2e/Tester/tests/TestCase/Covered/FormatNameFunctionTest.php method=testFormatWithSpaces" name="/home/marek/Projects/infection-tester-adapter/tests/e2e/Tester/tests/TestCase/Covered/FormatNameFunctionTest.php method=testFormatWithSpaces"/>
		<testcase classname="/home/marek/Projects/infection-tester-adapter/tests/e2e/Tester/tests/TestCase/Covered/UserServiceTest.php method=testAddUserWithEmptyEmail" name="/home/marek/Projects/infection-tester-adapter/tests/e2e/Tester/tests/TestCase/Covered/UserServiceTest.php method=testAddUserWithEmptyEmail"/>
		<testcase classname="/home/marek/Projects/infection-tester-adapter/tests/e2e/Tester/tests/TestCase/Covered/FormatNameFunctionTest.php method=testFormatLastNameOnly" name="/home/marek/Projects/infection-tester-adapter/tests/e2e/Tester/tests/TestCase/Covered/FormatNameFunctionTest.php method=testFormatLastNameOnly"/>
		<testcase classname="/home/marek/Projects/infection-tester-adapter/tests/e2e/Tester/tests/TestCase/Covered/UserServiceTest.php method=testAddDuplicateUser" name="/home/marek/Projects/infection-tester-adapter/tests/e2e/Tester/tests/TestCase/Covered/UserServiceTest.php method=testAddDuplicateUser"/>
		<testcase classname="/home/marek/Projects/infection-tester-adapter/tests/e2e/Tester/tests/TestCase/Covered/UserServiceTest.php method=testAddUser" name="/home/marek/Projects/infection-tester-adapter/tests/e2e/Tester/tests/TestCase/Covered/UserServiceTest.php method=testAddUser"/>
		<testcase classname="/home/marek/Projects/infection-tester-adapter/tests/e2e/Tester/tests/TestCase/Covered/UserServiceTest.php method=testAddUserWithEmptyName" name="/home/marek/Projects/infection-tester-adapter/tests/e2e/Tester/tests/TestCase/Covered/UserServiceTest.php method=testAddUserWithEmptyName"/>
		<testcase classname="/home/marek/Projects/infection-tester-adapter/tests/e2e/Tester/tests/TestCase/Covered/UserServiceTest.php method=testRemoveUser" name="/home/marek/Projects/infection-tester-adapter/tests/e2e/Tester/tests/TestCase/Covered/UserServiceTest.php method=testRemoveUser"/>
		<testcase classname="/home/marek/Projects/infection-tester-adapter/tests/e2e/Tester/tests/TestCase/Covered/UserServiceTest.php method=testRemoveNonExistentUser" name="/home/marek/Projects/infection-tester-adapter/tests/e2e/Tester/tests/TestCase/Covered/UserServiceTest.php method=testRemoveNonExistentUser"/>
		<testcase classname="/home/marek/Projects/infection-tester-adapter/tests/e2e/Tester/tests/TestCase/Covered/UserServiceTest.php method=testUserExists" name="/home/marek/Projects/infection-tester-adapter/tests/e2e/Tester/tests/TestCase/Covered/UserServiceTest.php method=testUserExists"/>
		<testcase classname="/home/marek/Projects/infection-tester-adapter/tests/e2e/Tester/tests/TestCase/Covered/UserServiceTest.php method=testGetNonExistentUser" name="/home/marek/Projects/infection-tester-adapter/tests/e2e/Tester/tests/TestCase/Covered/UserServiceTest.php method=testGetNonExistentUser"/>
		<testcase classname="/home/marek/Projects/infection-tester-adapter/tests/e2e/Tester/tests/TestCase/Covered/UserServiceTest.php method=testGetLogs" name="/home/marek/Projects/infection-tester-adapter/tests/e2e/Tester/tests/TestCase/Covered/UserServiceTest.php method=testGetLogs"/>
		<testcase classname="/home/marek/Projects/infection-tester-adapter/tests/e2e/Tester/tests/TestCase/Covered/UserServiceTest.php method=testGetUser" name="/home/marek/Projects/infection-tester-adapter/tests/e2e/Tester/tests/TestCase/Covered/UserServiceTest.php method=testGetUser"/>
		<testcase classname="/home/marek/Projects/infection-tester-adapter/tests/e2e/Tester/tests/TestCase/Covered/UserServiceTest.php method=testClearLogs" name="/home/marek/Projects/infection-tester-adapter/tests/e2e/Tester/tests/TestCase/Covered/UserServiceTest.php method=testClearLogs"/>
		<testcase classname="/home/marek/Projects/infection-tester-adapter/tests/e2e/Tester/tests/TestCase/Inner/InnerSourceClassTest.php method=testSubtraction" name="/home/marek/Projects/infection-tester-adapter/tests/e2e/Tester/tests/TestCase/Inner/InnerSourceClassTest.php method=testSubtraction"/>
		<testcase classname="/home/marek/Projects/infection-tester-adapter/tests/e2e/Tester/tests/TestCase/SourceClassTest.php method=testFloatAddition" name="/home/marek/Projects/infection-tester-adapter/tests/e2e/Tester/tests/TestCase/SourceClassTest.php method=testFloatAddition"/>
		<testcase classname="/home/marek/Projects/infection-tester-adapter/tests/e2e/Tester/tests/TestCase/SourceClassTest.php method=testAddition" name="/home/marek/Projects/infection-tester-adapter/tests/e2e/Tester/tests/TestCase/SourceClassTest.php method=testAddition"/>
	</testsuite>
</testsuites>
